<?xml version="1.0" encoding="UTF-8"?>
<coverage generated="1550081465420" clover="3.2.0">
  <project timestamp="1550081465421" name="All files">
    <metrics statements="41" coveredstatements="15" conditionals="10" coveredconditionals="0" methods="12" coveredmethods="4" elements="63" coveredelements="19" complexity="0" loc="41" ncloc="41" packages="4" files="4" classes="4"/>
    <package name="root">
      <metrics statements="13" coveredstatements="4" conditionals="5" coveredconditionals="0" methods="1" coveredmethods="0"/>
      <file name="unknown" path="unknown">
        <metrics statements="13" coveredstatements="4" conditionals="5" coveredconditionals="0" methods="1" coveredmethods="0"/>
        <line num="43" count="1" type="stmt"/>
        <line num="46" count="1" type="stmt"/>
        <line num="49" count="1" type="stmt"/>
        <line num="52" count="1" type="stmt"/>
        <line num="57" count="0" type="stmt"/>
        <line num="60" count="0" type="stmt"/>
        <line num="63" count="0" type="stmt"/>
        <line num="66" count="0" type="stmt"/>
        <line num="69" count="0" type="stmt"/>
        <line num="73" count="0" type="cond" truecount="0" falsecount="5"/>
        <line num="74" count="0" type="stmt"/>
        <line num="83" count="0" type="stmt"/>
        <line num="86" count="0" type="stmt"/>
      </file>
    </package>
    <package name="root.Users.My Laptop.Desktop.BriteCore.FinalEdition.BriteCore.src.components">
      <metrics statements="26" coveredstatements="9" conditionals="5" coveredconditionals="0" methods="11" coveredmethods="4"/>
      <file name="AddUserInfo.vue" path="C:\Users\My Laptop\Desktop\BriteCore\FinalEdition\BriteCore\src\components\AddUserInfo.vue">
        <metrics statements="26" coveredstatements="9" conditionals="5" coveredconditionals="0" methods="11" coveredmethods="4"/>
        <line num="38" count="1" type="stmt"/>
        <line num="42" count="1" type="stmt"/>
        <line num="43" count="1" type="stmt"/>
        <line num="45" count="1" type="stmt"/>
        <line num="46" count="1" type="stmt"/>
        <line num="48" count="1" type="stmt"/>
        <line num="49" count="1" type="stmt"/>
        <line num="51" count="1" type="stmt"/>
        <line num="52" count="1" type="stmt"/>
        <line num="56" count="0" type="stmt"/>
        <line num="57" count="0" type="stmt"/>
        <line num="59" count="0" type="stmt"/>
        <line num="60" count="0" type="stmt"/>
        <line num="62" count="0" type="stmt"/>
        <line num="63" count="0" type="stmt"/>
        <line num="65" count="0" type="stmt"/>
        <line num="66" count="0" type="stmt"/>
        <line num="68" count="0" type="stmt"/>
        <line num="69" count="0" type="stmt"/>
        <line num="71" count="0" type="stmt"/>
        <line num="73" count="0" type="cond" truecount="0" falsecount="5"/>
        <line num="74" count="0" type="stmt"/>
        <line num="82" count="0" type="stmt"/>
        <line num="83" count="0" type="stmt"/>
        <line num="85" count="0" type="stmt"/>
        <line num="86" count="0" type="stmt"/>
      </file>
    </package>
    <package name="root.Users.My Laptop.Desktop.BriteCore.FinalEdition.BriteCore.src.firebase">
      <metrics statements="2" coveredstatements="2" conditionals="0" coveredconditionals="0" methods="0" coveredmethods="0"/>
      <file name="init.js" path="C:\Users\My Laptop\Desktop\BriteCore\FinalEdition\BriteCore\src\firebase\init.js">
        <metrics statements="2" coveredstatements="2" conditionals="0" coveredconditionals="0" methods="0" coveredmethods="0"/>
        <line num="5" count="1" type="stmt"/>
        <line num="14" count="1" type="stmt"/>
      </file>
    </package>
    <package name="root.Users.My Laptop.Desktop.BriteCore.FinalEdition.BriteCore.src.store">
      <metrics statements="0" coveredstatements="0" conditionals="0" coveredconditionals="0" methods="0" coveredmethods="0"/>
      <file name="state.js" path="C:\Users\My Laptop\Desktop\BriteCore\FinalEdition\BriteCore\src\store\state.js">
        <metrics statements="0" coveredstatements="0" conditionals="0" coveredconditionals="0" methods="0" coveredmethods="0"/>
      </file>
    </package>
  </project>
</coverage>
