TN:
SF:unknown
FN:73,(anonymous_0)
FNF:1
FNH:0
FNDA:0,(anonymous_0)
DA:35,1
DA:38,1
DA:41,1
DA:46,0
DA:49,0
DA:52,0
DA:55,0
DA:59,0
DA:64,0
DA:65,0
DA:74,0
DA:77,0
LF:12
LH:3
BRDA:64,0,0,0
BRDA:64,0,1,0
BRDA:64,1,0,0
BRDA:64,1,1,0
BRDA:64,1,2,NaN
BRF:5
BRH:0
end_of_record
TN:
SF:C:\Users\user\Desktop\Brite-core\src\App.vue
FNF:0
FNH:0
DA:9,1
LF:1
LH:1
BRF:0
BRH:0
end_of_record
TN:
SF:C:\Users\user\Desktop\Brite-core\src\components\AddUserInfo.vue
FN:34,addedUserName
FN:37,addedDescription
FN:40,addedAmount
FN:45,addUserName
FN:48,addDescription
FN:51,addAmount
FN:54,AddUser
FN:58,hide
FN:62,showAlert
FN:66,(anonymous_12)
FNF:10
FNH:3
FNDA:1,addedUserName
FNDA:1,addedDescription
FNDA:1,addedAmount
FNDA:0,addUserName
FNDA:0,addDescription
FNDA:0,addAmount
FNDA:0,AddUser
FNDA:0,hide
FNDA:0,showAlert
FNDA:0,(anonymous_12)
DA:34,1
DA:35,1
DA:37,1
DA:38,1
DA:40,1
DA:41,1
DA:45,0
DA:46,0
DA:48,0
DA:49,0
DA:51,0
DA:52,0
DA:54,0
DA:55,0
DA:58,0
DA:59,0
DA:62,0
DA:64,0
DA:65,0
DA:73,0
DA:74,0
DA:76,0
DA:77,0
LF:23
LH:6
BRDA:64,0,0,0
BRDA:64,0,1,0
BRDA:64,1,0,0
BRDA:64,1,1,0
BRDA:64,1,2,0
BRF:5
BRH:0
end_of_record
TN:
SF:C:\Users\user\Desktop\Brite-core\src\components\EditUserInfo.vue
FN:40,editedUserName
FN:43,editedDescription
FN:46,editedAmount
FN:49,id
FN:54,editUserName
FN:57,editDescription
FN:60,editAmount
FN:63,EditUser
FN:67,showAlert
FN:69,(anonymous_12)
FN:91,created
FNF:11
FNH:0
FNDA:0,editedUserName
FNDA:0,editedDescription
FNDA:0,editedAmount
FNDA:0,id
FNDA:0,editUserName
FNDA:0,editDescription
FNDA:0,editAmount
FNDA:0,EditUser
FNDA:0,showAlert
FNDA:0,(anonymous_12)
FNDA:0,created
DA:40,0
DA:41,0
DA:43,0
DA:44,0
DA:46,0
DA:47,0
DA:49,0
DA:50,0
DA:54,0
DA:55,0
DA:57,0
DA:58,0
DA:60,0
DA:61,0
DA:63,0
DA:64,0
DA:67,0
DA:68,0
DA:79,0
DA:80,0
DA:81,0
DA:82,0
DA:83,0
DA:84,0
DA:85,0
DA:91,0
DA:92,0
LF:27
LH:0
BRDA:80,0,0,0
BRDA:80,0,1,0
BRDA:83,1,0,0
BRDA:83,1,1,0
BRF:4
BRH:0
end_of_record
TN:
SF:C:\Users\user\Desktop\Brite-core\src\components\Navbar.vue
FN:29,updateSearchTerm
FN:33,show
FN:37,hide
FNF:3
FNH:0
FNDA:0,updateSearchTerm
FNDA:0,show
FNDA:0,hide
DA:24,2
DA:29,0
DA:30,0
DA:33,0
DA:34,0
DA:37,0
DA:38,0
LF:7
LH:1
BRF:0
BRH:0
end_of_record
TN:
SF:C:\Users\user\Desktop\Brite-core\src\components\index.vue
FN:59,data
FN:66,sortedItems
FN:67,(anonymous_5)
FN:75,usersInfo
FN:78,addedId
FN:83,sort
FN:90,deleteUserInfo
FN:93,deleteAllUsers
FN:97,showAlert
FN:106,(anonymous_12)
FN:135,created
FNF:11
FNH:3
FNDA:1,data
FNDA:1,sortedItems
FNDA:0,(anonymous_5)
FNDA:0,usersInfo
FNDA:0,addedId
FNDA:0,sort
FNDA:0,deleteUserInfo
FNDA:0,deleteAllUsers
FNDA:0,showAlert
FNDA:0,(anonymous_12)
FNDA:1,created
DA:59,1
DA:60,1
DA:66,3
DA:67,1
DA:68,0
DA:69,0
DA:70,0
DA:71,0
DA:72,0
DA:75,0
DA:76,0
DA:78,0
DA:79,0
DA:83,0
DA:85,0
DA:86,0
DA:88,0
DA:90,0
DA:91,0
DA:93,0
DA:94,0
DA:97,0
DA:98,0
DA:100,0
DA:101,0
DA:102,0
DA:103,0
DA:105,0
DA:116,0
DA:117,0
DA:118,0
DA:119,0
DA:120,0
DA:121,0
DA:122,0
DA:123,0
DA:124,0
DA:127,0
DA:128,0
DA:129,0
DA:135,1
DA:136,1
LF:42
LH:6
BRDA:69,0,0,0
BRDA:69,0,1,0
BRDA:70,1,0,0
BRDA:70,1,1,0
BRDA:71,2,0,0
BRDA:71,2,1,0
BRDA:85,3,0,0
BRDA:85,3,1,0
BRDA:86,4,0,0
BRDA:86,4,1,0
BRDA:100,5,0,0
BRDA:100,5,1,0
BRDA:117,6,0,0
BRDA:117,6,1,0
BRDA:118,7,0,0
BRDA:118,7,1,0
BRDA:121,8,0,0
BRDA:121,8,1,0
BRDA:128,9,0,0
BRDA:128,9,1,0
BRF:20
BRH:0
end_of_record
TN:
SF:C:\Users\user\Desktop\Brite-core\src\firebase\init.js
FNF:0
FNH:0
DA:5,2
DA:14,2
LF:2
LH:2
BRF:0
BRH:0
end_of_record
TN:
SF:C:\Users\user\Desktop\Brite-core\src\router\index.js
FNF:0
FNH:0
DA:6,6
DA:8,3
LF:2
LH:2
BRF:0
BRH:0
end_of_record
TN:
SF:C:\Users\user\Desktop\Brite-core\src\store\actions.js
FN:6,(anonymous_0)
FN:9,(anonymous_1)
FN:14,(anonymous_2)
FN:17,(anonymous_3)
FN:22,(anonymous_4)
FN:27,(anonymous_5)
FN:32,(anonymous_6)
FN:36,(anonymous_7)
FN:41,(anonymous_8)
FN:42,(anonymous_9)
FN:47,(anonymous_10)
FN:53,(anonymous_11)
FN:60,(anonymous_12)
FN:63,(anonymous_13)
FN:70,(anonymous_14)
FN:78,(anonymous_15)
FN:81,(anonymous_16)
FNF:17
FNH:5
FNDA:6,(anonymous_0)
FNDA:0,(anonymous_1)
FNDA:2,(anonymous_2)
FNDA:0,(anonymous_3)
FNDA:0,(anonymous_4)
FNDA:0,(anonymous_5)
FNDA:2,(anonymous_6)
FNDA:0,(anonymous_7)
FNDA:0,(anonymous_8)
FNDA:0,(anonymous_9)
FNDA:0,(anonymous_10)
FNDA:2,(anonymous_11)
FNDA:0,(anonymous_12)
FNDA:0,(anonymous_13)
FNDA:2,(anonymous_14)
FNDA:0,(anonymous_15)
FNDA:0,(anonymous_16)
DA:7,6
DA:10,0
DA:15,2
DA:17,1
DA:18,0
DA:23,0
DA:27,1
DA:28,0
DA:33,1
DA:37,0
DA:42,0
DA:43,1
DA:44,0
DA:48,0
DA:54,2
DA:61,1
DA:64,0
DA:67,1
DA:71,1
DA:79,0
DA:82,0
LF:21
LH:10
BRF:0
BRH:0
end_of_record
TN:
SF:C:\Users\user\Desktop\Brite-core\src\store\getters.js
FN:2,(anonymous_0)
FN:3,(anonymous_1)
FNF:2
FNH:2
FNDA:4,(anonymous_0)
FNDA:6,(anonymous_1)
DA:3,5
DA:4,5
DA:5,3
DA:6,3
DA:7,3
DA:9,3
DA:15,2
LF:7
LH:7
BRDA:10,0,0,6
BRDA:10,0,1,4
BRDA:10,0,2,4
BRF:3
BRH:3
end_of_record
TN:
SF:C:\Users\user\Desktop\Brite-core\src\store\mutations.js
FN:2,(anonymous_0)
FN:5,(anonymous_1)
FN:8,(anonymous_2)
FN:17,(anonymous_3)
FN:21,(anonymous_4)
FN:23,(anonymous_5)
FN:33,(anonymous_6)
FN:34,(anonymous_7)
FN:51,(anonymous_8)
FN:52,(anonymous_9)
FN:56,(anonymous_10)
FN:59,(anonymous_11)
FN:62,(anonymous_12)
FN:65,(anonymous_13)
FN:68,(anonymous_14)
FN:71,(anonymous_15)
FNF:16
FNH:10
FNDA:2,(anonymous_0)
FNDA:0,(anonymous_1)
FNDA:0,(anonymous_2)
FNDA:2,(anonymous_3)
FNDA:0,(anonymous_4)
FNDA:0,(anonymous_5)
FNDA:0,(anonymous_6)
FNDA:0,(anonymous_7)
FNDA:2,(anonymous_8)
FNDA:6,(anonymous_9)
FNDA:2,(anonymous_10)
FNDA:2,(anonymous_11)
FNDA:2,(anonymous_12)
FNDA:2,(anonymous_13)
FNDA:2,(anonymous_14)
FNDA:2,(anonymous_15)
DA:3,2
DA:7,0
DA:8,0
DA:9,0
DA:10,0
DA:11,0
DA:14,1
DA:18,1
DA:22,0
DA:23,0
DA:24,0
DA:25,0
DA:26,0
DA:27,0
DA:28,0
DA:34,0
DA:35,0
DA:37,0
DA:44,0
DA:46,1
DA:47,3
DA:48,1
DA:52,2
DA:53,4
DA:57,2
DA:60,2
DA:63,2
DA:66,1
DA:69,1
DA:72,1
LF:30
LH:14
BRDA:7,0,0,0
BRDA:7,0,1,0
BRF:2
BRH:0
end_of_record
TN:
SF:C:\Users\user\Desktop\Brite-core\src\store\state.js
FNF:0
FNH:0
LF:0
LH:0
BRF:0
BRH:0
end_of_record
